0 info it worked if it ends with ok
1 verbose cli [ 'node', '/usr/local/bin/npm', 'install', 'firebase', '--save' ]
2 info using npm@2.11.3
3 info using node@v0.12.7
4 verbose install initial load of /Users/iguest/Desktop/safeguard-group-project/package.json
5 verbose readDependencies loading dependencies from /Users/iguest/Desktop/safeguard-group-project/package.json
6 silly cache add args [ 'firebase', null ]
7 verbose cache add spec firebase
8 silly cache add parsed spec { raw: 'firebase',
8 silly cache add   scope: null,
8 silly cache add   name: 'firebase',
8 silly cache add   rawSpec: '',
8 silly cache add   spec: '*',
8 silly cache add   type: 'range' }
9 silly addNamed firebase@*
10 verbose addNamed "*" is a valid semver range for firebase
11 silly addNameRange { name: 'firebase', range: '*', hasData: false }
12 silly mapToRegistry name firebase
13 silly mapToRegistry using default registry
14 silly mapToRegistry registry https://registry.npmjs.org/
15 silly mapToRegistry uri https://registry.npmjs.org/firebase
16 verbose addNameRange registry:https://registry.npmjs.org/firebase not in flight; fetching
17 verbose request uri https://registry.npmjs.org/firebase
18 verbose request no auth needed
19 info attempt registry request try #1 at 5:05:49 PM
20 verbose request id 5b4b3317694b74be
21 http request GET https://registry.npmjs.org/firebase
22 http 200 https://registry.npmjs.org/firebase
23 silly get cb [ 200,
23 silly get   { server: 'CouchDB/1.5.0 (Erlang OTP/R16B03)',
23 silly get     etag: '"7JEOTH37E4QQQEV6VBW90TRYC"',
23 silly get     'content-type': 'application/json',
23 silly get     'cache-control': 'max-age=60',
23 silly get     'content-length': '66408',
23 silly get     'accept-ranges': 'bytes',
23 silly get     date: 'Wed, 09 Dec 2015 01:05:49 GMT',
23 silly get     via: '1.1 varnish',
23 silly get     age: '0',
23 silly get     connection: 'keep-alive',
23 silly get     'x-served-by': 'cache-lax1422-LAX',
23 silly get     'x-cache': 'HIT',
23 silly get     'x-cache-hits': '1',
23 silly get     'x-timer': 'S1449623149.297096,VS0,VE78',
23 silly get     vary: 'Accept' } ]
24 verbose get saving firebase to /Users/iguest/.npm/registry.npmjs.org/firebase/.cache.json
25 silly addNameRange number 2 { name: 'firebase', range: '*', hasData: true }
26 silly addNameRange versions [ 'firebase',
26 silly addNameRange   [ '0.0.0',
26 silly addNameRange     '0.5.0',
26 silly addNameRange     '0.5.1',
26 silly addNameRange     '0.5.2',
26 silly addNameRange     '0.5.3',
26 silly addNameRange     '0.5.4',
26 silly addNameRange     '0.6.0',
26 silly addNameRange     '0.6.1',
26 silly addNameRange     '0.6.2',
26 silly addNameRange     '0.6.3',
26 silly addNameRange     '0.6.4',
26 silly addNameRange     '0.6.5',
26 silly addNameRange     '0.6.6',
26 silly addNameRange     '0.6.7',
26 silly addNameRange     '0.6.8',
26 silly addNameRange     '0.6.9',
26 silly addNameRange     '0.6.10',
26 silly addNameRange     '0.6.11',
26 silly addNameRange     '0.6.14',
26 silly addNameRange     '0.6.15',
26 silly addNameRange     '0.6.16',
26 silly addNameRange     '0.6.17',
26 silly addNameRange     '0.6.19',
26 silly addNameRange     '0.6.21',
26 silly addNameRange     '0.6.22',
26 silly addNameRange     '1.0.1',
26 silly addNameRange     '1.0.1-npm',
26 silly addNameRange     '1.0.2',
26 silly addNameRange     '1.0.3',
26 silly addNameRange     '1.0.4',
26 silly addNameRange     '1.0.5',
26 silly addNameRange     '1.0.10',
26 silly addNameRange     '1.0.10-2',
26 silly addNameRange     '1.0.11',
26 silly addNameRange     '1.0.12',
26 silly addNameRange     '1.0.13',
26 silly addNameRange     '1.0.14',
26 silly addNameRange     '1.0.15',
26 silly addNameRange     '1.0.15-2',
26 silly addNameRange     '1.0.15-3',
26 silly addNameRange     '1.0.17',
26 silly addNameRange     '1.0.18',
26 silly addNameRange     '1.0.19',
26 silly addNameRange     '1.0.20',
26 silly addNameRange     '1.0.21',
26 silly addNameRange     '1.0.23',
26 silly addNameRange     '1.0.24',
26 silly addNameRange     '1.1.0',
26 silly addNameRange     '1.1.1',
26 silly addNameRange     '1.1.2',
26 silly addNameRange     '1.2.0-beta.1-0',
26 silly addNameRange     '1.2.0-beta.2',
26 silly addNameRange     '1.1.3',
26 silly addNameRange     '1.2.0-beta.3',
26 silly addNameRange     '2.0.0',
26 silly addNameRange     '2.0.1',
26 silly addNameRange     '2.0.2',
26 silly addNameRange     '2.0.3',
26 silly addNameRange     '2.0.4',
26 silly addNameRange     '2.0.5',
26 silly addNameRange     '2.0.6',
26 silly addNameRange     '2.1.0',
26 silly addNameRange     '2.1.1',
26 silly addNameRange     '2.1.2',
26 silly addNameRange     '1.2.0',
26 silly addNameRange     '2.2.0',
26 silly addNameRange     '2.2.1',
26 silly addNameRange     '2.2.2',
26 silly addNameRange     '2.2.3',
26 silly addNameRange     '2.2.4',
26 silly addNameRange     '2.2.5',
26 silly addNameRange     '2.2.6',
26 silly addNameRange     '2.2.7',
26 silly addNameRange     '2.2.8',
26 silly addNameRange     '2.2.9',
26 silly addNameRange     '2.3.0',
26 silly addNameRange     '2.3.1',
26 silly addNameRange     '2.3.2' ] ]
27 silly addNamed firebase@2.3.2
28 verbose addNamed "2.3.2" is a plain semver version for firebase
29 silly mapToRegistry name firebase
30 silly mapToRegistry using default registry
31 silly mapToRegistry registry https://registry.npmjs.org/
32 silly mapToRegistry uri https://registry.npmjs.org/firebase
33 verbose addRemoteTarball https://registry.npmjs.org/firebase/-/firebase-2.3.2.tgz not in flight; adding
34 verbose addRemoteTarball [ 'https://registry.npmjs.org/firebase/-/firebase-2.3.2.tgz',
34 verbose addRemoteTarball   '648e3631429f2635fd814e55a53f3a5cf335b270' ]
35 info retry fetch attempt 1 at 5:05:49 PM
36 info attempt registry request try #1 at 5:05:49 PM
37 http fetch GET https://registry.npmjs.org/firebase/-/firebase-2.3.2.tgz
38 http fetch 200 https://registry.npmjs.org/firebase/-/firebase-2.3.2.tgz
39 silly fetchAndShaCheck shasum 648e3631429f2635fd814e55a53f3a5cf335b270
40 verbose addTmpTarball /var/folders/j_/lzd31ghn4yzfk4xfy_21hxwh0000gp/T/npm-7251-a83659ee/registry.npmjs.org/firebase/-/firebase-2.3.2.tgz not in flight; adding
41 verbose addTmpTarball already have metadata; skipping unpack for firebase@2.3.2
42 silly cache afterAdd firebase@2.3.2
43 verbose afterAdd /Users/iguest/.npm/firebase/2.3.2/package/package.json not in flight; writing
44 verbose afterAdd /Users/iguest/.npm/firebase/2.3.2/package/package.json written
45 silly install resolved [ { author: { name: 'Firebase' },
45 silly install resolved     email: 'operations@firebase.com',
45 silly install resolved     name: 'firebase',
45 silly install resolved     description: 'Firebase library for Node.js',
45 silly install resolved     version: '2.3.2',
45 silly install resolved     main: './lib/firebase-node.js',
45 silly install resolved     browser: './lib/firebase-web.js',
45 silly install resolved     scripts: { test: 'echo "Error: no test specified" && exit 1' },
45 silly install resolved     keywords: [ 'Firebase', 'synchronization', 'real-time', 'websocket' ],
45 silly install resolved     dependencies: { 'faye-websocket': '>=0.6.0' },
45 silly install resolved     repository: { type: 'none', url: 'https://www.firebase.com/' },
45 silly install resolved     _id: 'firebase@2.3.2',
45 silly install resolved     _shasum: '648e3631429f2635fd814e55a53f3a5cf335b270',
45 silly install resolved     _from: 'firebase@*',
45 silly install resolved     _npmVersion: '2.7.5',
45 silly install resolved     _nodeVersion: '0.10.38',
45 silly install resolved     _npmUser: { name: 'firebase', email: 'operations@firebase.com' },
45 silly install resolved     maintainers: [ [Object] ],
45 silly install resolved     dist:
45 silly install resolved      { shasum: '648e3631429f2635fd814e55a53f3a5cf335b270',
45 silly install resolved        tarball: 'http://registry.npmjs.org/firebase/-/firebase-2.3.2.tgz' },
45 silly install resolved     directories: {},
45 silly install resolved     _resolved: 'https://registry.npmjs.org/firebase/-/firebase-2.3.2.tgz' } ]
46 info install firebase@2.3.2 into /Users/iguest/Desktop/safeguard-group-project
47 info installOne firebase@2.3.2
48 verbose installOne of firebase to /Users/iguest/Desktop/safeguard-group-project not in flight; installing
49 warn locking Error: EACCES, open '/Users/iguest/.npm/_locks/firebase-c1ebb663f9edb190.lock'
49 warn locking     at Error (native)
49 warn locking  /Users/iguest/.npm/_locks/firebase-c1ebb663f9edb190.lock failed { [Error: EACCES, open '/Users/iguest/.npm/_locks/firebase-c1ebb663f9edb190.lock']
49 warn locking   errno: -13,
49 warn locking   code: 'EACCES',
49 warn locking   path: '/Users/iguest/.npm/_locks/firebase-c1ebb663f9edb190.lock' }
50 verbose stack Error: Attempt to unlock /Users/iguest/Desktop/safeguard-group-project/node_modules/firebase, which hasn't been locked
50 verbose stack     at unlock (/usr/local/lib/node_modules/npm/lib/utils/locker.js:66:11)
50 verbose stack     at cb (/usr/local/lib/node_modules/npm/lib/install.js:1017:5)
50 verbose stack     at /usr/local/lib/node_modules/npm/lib/install.js:1021:20
50 verbose stack     at /usr/local/lib/node_modules/npm/lib/utils/locker.js:40:9
50 verbose stack     at cb (/usr/local/lib/node_modules/npm/node_modules/lockfile/lockfile.js:149:38)
50 verbose stack     at /usr/local/lib/node_modules/npm/node_modules/lockfile/lockfile.js:177:38
50 verbose stack     at FSReqWrap.oncomplete (fs.js:95:15)
51 verbose cwd /Users/iguest/Desktop/safeguard-group-project
52 error Darwin 14.5.0
53 error argv "node" "/usr/local/bin/npm" "install" "firebase" "--save"
54 error node v0.12.7
55 error npm  v2.11.3
56 error Attempt to unlock /Users/iguest/Desktop/safeguard-group-project/node_modules/firebase, which hasn't been locked
57 error If you need help, you may report this error at:
57 error     <https://github.com/npm/npm/issues>
58 verbose exit [ 1, true ]
